Solid Edge Translation to STEP
Date: Sunday,March 28,2021 11:32AM
Output File: C:\cygwin64\home\thatguy12\hybrid_rocket_calculations\CADSmall\N2O_canister_holder.stp
Author: Unknown
Organization: Unknown
Source System: Solid Edge

Hardware:
Processor: Intel(R) Core(TM) i7-3770 CPU @ 3.40GHz
Operating System: Windows 8
Installed Memory: 15.93 GB

Software Information
Parasolid Version: 29.0.122
PSBodyShop Version: 29.0.68
Step Adapter Version: 2.0.152
Solid Edge Version: 109.00.00.111 x64

STEP Export Options
Export Format: AP214
Export Construction Sheets: Off
Export Construction Solids: Off
Export Construction Wires: Off
Export Displayed Parts Only: Off
Export Units: Millimeters
Export Part Component Names As Unicode: Off

Phase 1 of 1 Translating Parasolid to foreign data types...
Translation process completed
Time required to translate:00 : 00 : 01
